mode: set
github.com/canadadry/gostruct-to-sql/pkg/generator/mysql.go:13.41,18.29 4 1
github.com/canadadry/gostruct-to-sql/pkg/generator/mysql.go:26.2,27.22 2 1
github.com/canadadry/gostruct-to-sql/pkg/generator/mysql.go:30.2,30.39 1 1
github.com/canadadry/gostruct-to-sql/pkg/generator/mysql.go:18.29,20.17 2 1
github.com/canadadry/gostruct-to-sql/pkg/generator/mysql.go:23.3,24.33 2 1
github.com/canadadry/gostruct-to-sql/pkg/generator/mysql.go:20.17,22.4 1 0
github.com/canadadry/gostruct-to-sql/pkg/generator/mysql.go:27.22,29.3 1 1
github.com/canadadry/gostruct-to-sql/pkg/generator/mysql.go:33.49,34.57 1 1
github.com/canadadry/gostruct-to-sql/pkg/generator/mysql.go:40.2,40.29 1 1
github.com/canadadry/gostruct-to-sql/pkg/generator/mysql.go:34.57,35.18 1 1
github.com/canadadry/gostruct-to-sql/pkg/generator/mysql.go:38.3,38.61 1 1
github.com/canadadry/gostruct-to-sql/pkg/generator/mysql.go:35.18,37.4 1 1
github.com/canadadry/gostruct-to-sql/pkg/generator/sqlite.go:9.42,14.29 4 1
github.com/canadadry/gostruct-to-sql/pkg/generator/sqlite.go:22.2,23.22 2 1
github.com/canadadry/gostruct-to-sql/pkg/generator/sqlite.go:26.2,26.39 1 1
github.com/canadadry/gostruct-to-sql/pkg/generator/sqlite.go:14.29,16.17 2 1
github.com/canadadry/gostruct-to-sql/pkg/generator/sqlite.go:19.3,20.33 2 1
github.com/canadadry/gostruct-to-sql/pkg/generator/sqlite.go:16.17,18.4 1 0
github.com/canadadry/gostruct-to-sql/pkg/generator/sqlite.go:23.22,25.3 1 1
github.com/canadadry/gostruct-to-sql/generator/generator.go:16.55,18.16 2 1
github.com/canadadry/gostruct-to-sql/generator/generator.go:21.2,21.20 1 1
github.com/canadadry/gostruct-to-sql/generator/generator.go:24.2,25.12 2 1
github.com/canadadry/gostruct-to-sql/generator/generator.go:18.16,20.3 1 0
github.com/canadadry/gostruct-to-sql/generator/generator.go:21.20,23.3 1 1
github.com/canadadry/gostruct-to-sql/generator/generator.go:28.46,30.2 1 0
github.com/canadadry/gostruct-to-sql/generator/generator.go:32.48,35.28 2 1
github.com/canadadry/gostruct-to-sql/generator/generator.go:51.2,51.41 1 1
github.com/canadadry/gostruct-to-sql/generator/generator.go:35.28,38.21 3 1
github.com/canadadry/gostruct-to-sql/generator/generator.go:46.3,46.17 1 1
github.com/canadadry/gostruct-to-sql/generator/generator.go:49.3,49.35 1 1
github.com/canadadry/gostruct-to-sql/generator/generator.go:39.16,40.35 1 0
github.com/canadadry/gostruct-to-sql/generator/generator.go:41.18,42.36 1 0
github.com/canadadry/gostruct-to-sql/generator/generator.go:43.11,44.36 1 1
github.com/canadadry/gostruct-to-sql/generator/generator.go:46.17,48.4 1 0
github.com/canadadry/gostruct-to-sql/pkg/ast/ast.go:7.31,7.49 1 1
github.com/canadadry/gostruct-to-sql/pkg/parser/parser.go:14.46,18.35 3 1
github.com/canadadry/gostruct-to-sql/pkg/parser/parser.go:22.2,23.22 2 1
github.com/canadadry/gostruct-to-sql/pkg/parser/parser.go:27.2,27.39 1 1
github.com/canadadry/gostruct-to-sql/pkg/parser/parser.go:40.2,40.15 1 1
github.com/canadadry/gostruct-to-sql/pkg/parser/parser.go:18.35,20.3 1 1
github.com/canadadry/gostruct-to-sql/pkg/parser/parser.go:23.22,25.3 1 1
github.com/canadadry/gostruct-to-sql/pkg/parser/parser.go:27.39,30.17 3 1
github.com/canadadry/gostruct-to-sql/pkg/parser/parser.go:34.3,37.5 1 1
github.com/canadadry/gostruct-to-sql/pkg/parser/parser.go:30.17,32.4 1 1
github.com/canadadry/gostruct-to-sql/pkg/parser/parser.go:43.61,44.11 1 1
github.com/canadadry/gostruct-to-sql/pkg/parser/parser.go:48.2,48.65 1 1
github.com/canadadry/gostruct-to-sql/pkg/parser/parser.go:45.19,46.26 1 1
